<cubes>
	<cube>
		<name>tp_benchmarks_numeric</name>
		<type>SIMPLE</type>
		<dimensions>
			<dimension mandatory="true">l2_code</dimension>
			<dimension>soc_l4_title</dimension>
			<dimension>work_state_cd</dimension>
			<dimension>full_tm_part_tm_cd</dimension>
			<dimension>reg_temp_cd</dimension>
		</dimensions>
		<facts>
			<fact>
				<name>salary_hike</name>
				<column>salary_hike</column>
				<aggregation>
					<inclusionrange>-200,500</inclusionrange>
					<type>PERCENTILE_APPROX</type>
					<arguments>
						<argument>10,50,90</argument>
					</arguments>
				</aggregation>
			</fact>
			<fact>
				<name>salary_hike_average</name>
				<column>salary_hike</column>
				<aggregation>
					<type>AVG</type>
				</aggregation>
			</fact>
			<fact>
				<name>positive_salary_hike</name>
				<expr>salary_hike as positive_salary_hike</expr>
				<aggregation>
					<inclusionrange>0,300</inclusionrange>
					<type>PERCENTILE_APPROX</type>
					<arguments>
						<argument>10,50,90</argument>
					</arguments>
				</aggregation>
			</fact>
			<fact>
				<name>positive_salary_hike_average</name>
				<column>salary_hike</column>
				<aggregation>
					<inclusionrange>0,300</inclusionrange>
					<type>AVG</type>
				</aggregation>
			</fact>
			<fact>
				<name>travel_distance</name>
				<column>travel_distance</column>
				<aggregation>
					<inclusionrange>0,120</inclusionrange>
					<type>PERCENTILE_APPROX</type>
					<arguments>
						<argument>10,50,90</argument>
					</arguments>
				</aggregation>
			</fact>
			<fact>
				<name>travel_duration</name>
				<column>travel_duration</column>
				<aggregation>
					<inclusionrange>0,120</inclusionrange>
					<type>PERCENTILE_APPROX</type>
					<arguments>
						<argument>10,50,90</argument>
						<argument>5000</argument>
						<argument>false</argument>
					</arguments>
				</aggregation>
			</fact>
			<fact>
				<name>tenure_months</name>
				<column>tenure_months</column>
				<aggregation>
					<type>PERCENTILE_APPROX</type>
					<arguments>
						<argument>10,50,90</argument>
						<argument>5000</argument>
						<argument>false</argument>
					</arguments>
				</aggregation>
			</fact>
			<fact>
				<name>tenure_in_job_months</name>
				<column>tenure_in_job_months</column>
				<aggregation>
					<type>PERCENTILE_APPROX</type>
					<arguments>
						<argument>10,50,90</argument>
						<argument>5000</argument>
						<argument>false</argument>
					</arguments>
				</aggregation>
			</fact>
			<fact>
				<name>compa_rt</name>
				<column>compa_rt</column>
				<aggregation>
					<inclusionrange>0.5,5.0</inclusionrange>
					<type>PERCENTILE_APPROX</type>
					<arguments>
						<argument>10,50,90</argument>
					</arguments>
				</aggregation>
			</fact>
			<fact>
				<name>qtrs_since_last_promotion</name>
				<column>qtrs_since_last_promotion</column>
				<aggregation>
					<type>PERCENTILE_APPROX</type>
					<excludezeros>true</excludezeros>
					<arguments>
						<argument>10,50,90</argument>
						<argument>5000</argument>
						<argument>false</argument>
					</arguments>
				</aggregation>
			</fact>
			<fact>
				<name>total_reports</name>
				<column>total_reports</column>
				<aggregation>
					<type>PERCENTILE_APPROX</type>
					<arguments>
						<argument>10,50,90</argument>
						<argument>5000</argument>
						<argument>false</argument>
					</arguments>
				</aggregation>
			</fact>
			<fact>
				<name>overtime_dbltime_hours</name>
				<column>overtime_dbltime_hours</column>
				<aggregation>
					<type>PERCENTILE_APPROX</type>
					<default>0</default>
					<inclusionrange>0,200</inclusionrange>
					<arguments>
						<argument>10,50,90</argument>
					</arguments>
				</aggregation>
			</fact>
			<fact>
				<name>overtime_dbltime_earnings</name>
				<column>overtime_dbltime_earnings</column>
				<aggregation>
					<type>PERCENTILE_APPROX</type>
					<arguments>
						<argument>10,50,90</argument>
						<argument>5000</argument>
						<argument>false</argument>
					</arguments>
				</aggregation>
			</fact>
			<fact>
				<name>empl_count</name>
				<column>pers_obj_id</column>
				<aggregation>
					<type>APPROX_COUNT_DISTINCT</type>
				</aggregation>
			</fact>
			<fact>
				<name>clnt_count</name>
				<column>clnt_obj_id</column>
				<aggregation>
					<type>APPROX_COUNT_DISTINCT</type>
				</aggregation>
			</fact>
			<fact>
				<name>annl_cmpn_amt</name>
				<column>annl_cmpn_amt</column>
				<aggregation>
					<type>PERCENTILE_APPROX</type>
					<arguments>
						<argument>10,50,90</argument>
						<argument>5000</argument>
						<argument>false</argument>
					</arguments>
				</aggregation>
			</fact>
			<fact>
				<name>experience</name>
				<column>experience</column>
				<aggregation>
					<type>PERCENTILE_APPROX</type>
					<arguments>
						<argument>10,50,90</argument>
					</arguments>
				</aggregation>
			</fact>
			<fact>
				<name>compa_rt_alt</name>
				<column>compa_rt_alt</column>
				<aggregation>
					<inclusionrange>0.5,5.0</inclusionrange>
					<type>PERCENTILE_APPROX</type>
					<arguments>
						<argument>10,50,90</argument>
					</arguments>
				</aggregation>
			</fact>
		</facts>
	</cube>
</cubes>